[2025-03-01 18:32:26Z INFO HostContext] No proxy settings were found based on environmental variables (http_proxy/https_proxy/HTTP_PROXY/HTTPS_PROXY)
[2025-03-01 18:32:26Z INFO HostContext] Well known directory 'Bin': '/Users/ibrarahmed/Desktop/cicd--pipline/actions-runner/bin'
[2025-03-01 18:32:26Z INFO HostContext] Well known directory 'Root': '/Users/ibrarahmed/Desktop/cicd--pipline/actions-runner'
[2025-03-01 18:32:26Z INFO HostContext] Well known config file 'Credentials': '/Users/ibrarahmed/Desktop/cicd--pipline/actions-runner/.credentials'
[2025-03-01 18:32:26Z INFO HostContext] Well known directory 'Bin': '/Users/ibrarahmed/Desktop/cicd--pipline/actions-runner/bin'
[2025-03-01 18:32:26Z INFO HostContext] Well known directory 'Root': '/Users/ibrarahmed/Desktop/cicd--pipline/actions-runner'
[2025-03-01 18:32:26Z INFO HostContext] Well known config file 'Runner': '/Users/ibrarahmed/Desktop/cicd--pipline/actions-runner/.runner'
[2025-03-01 18:32:26Z INFO Listener] Runner is built for OSX (X64) - osx-x64.
[2025-03-01 18:32:26Z INFO Listener] RuntimeInformation: Darwin 24.3.0 Darwin Kernel Version 24.3.0: Thu Jan  2 20:22:00 PST 2025; root:xnu-11215.81.4~3/RELEASE_X86_64.
[2025-03-01 18:32:26Z INFO Listener] Version: 2.322.0
[2025-03-01 18:32:26Z INFO Listener] Commit: 0edc478ca75d0a753dcbcec7405f3f26db67b1ac
[2025-03-01 18:32:26Z INFO Listener] Culture: en-US
[2025-03-01 18:32:26Z INFO Listener] UI Culture: en-US
[2025-03-01 18:32:26Z INFO HostContext] Well known directory 'Bin': '/Users/ibrarahmed/Desktop/cicd--pipline/actions-runner/bin'
[2025-03-01 18:32:26Z INFO HostContext] Well known directory 'Root': '/Users/ibrarahmed/Desktop/cicd--pipline/actions-runner'
[2025-03-01 18:32:26Z INFO Listener] Validating directory permissions for: '/Users/ibrarahmed/Desktop/cicd--pipline/actions-runner'
[2025-03-01 18:32:26Z INFO CommandLineParser] Parse
[2025-03-01 18:32:26Z INFO CommandLineParser] Parsing 5 args
[2025-03-01 18:32:26Z INFO CommandLineParser] parsing argument
[2025-03-01 18:32:26Z INFO CommandLineParser] HasArgs: False
[2025-03-01 18:32:26Z INFO CommandLineParser] Adding Command: configure
[2025-03-01 18:32:26Z INFO CommandLineParser] parsing argument
[2025-03-01 18:32:26Z INFO CommandLineParser] HasArgs: True
[2025-03-01 18:32:26Z INFO CommandLineParser] arg: url
[2025-03-01 18:32:26Z INFO CommandLineParser] parsing argument
[2025-03-01 18:32:26Z INFO CommandLineParser] HasArgs: True
[2025-03-01 18:32:26Z INFO CommandLineParser] Adding option 'url': 'https://github.com/Ahmed17428/cicdpipeline'
[2025-03-01 18:32:26Z INFO CommandLineParser] parsing argument
[2025-03-01 18:32:26Z INFO CommandLineParser] HasArgs: True
[2025-03-01 18:32:26Z INFO CommandLineParser] arg: token
[2025-03-01 18:32:26Z INFO CommandLineParser] parsing argument
[2025-03-01 18:32:26Z INFO CommandLineParser] HasArgs: True
[2025-03-01 18:32:26Z INFO CommandLineParser] Adding option 'token': '***'
[2025-03-01 18:32:26Z INFO Listener] Arguments parsed
[2025-03-01 18:32:26Z INFO Runner] ExecuteCommand
[2025-03-01 18:32:26Z INFO ConfigurationStore] currentAssemblyLocation: /Users/ibrarahmed/Desktop/cicd--pipline/actions-runner/bin/Runner.Listener.dll
[2025-03-01 18:32:26Z INFO HostContext] Well known directory 'Bin': '/Users/ibrarahmed/Desktop/cicd--pipline/actions-runner/bin'
[2025-03-01 18:32:26Z INFO ConfigurationStore] binPath: /Users/ibrarahmed/Desktop/cicd--pipline/actions-runner/bin
[2025-03-01 18:32:26Z INFO HostContext] Well known directory 'Bin': '/Users/ibrarahmed/Desktop/cicd--pipline/actions-runner/bin'
[2025-03-01 18:32:26Z INFO HostContext] Well known directory 'Root': '/Users/ibrarahmed/Desktop/cicd--pipline/actions-runner'
[2025-03-01 18:32:26Z INFO ConfigurationStore] RootFolder: /Users/ibrarahmed/Desktop/cicd--pipline/actions-runner
[2025-03-01 18:32:26Z INFO HostContext] Well known directory 'Bin': '/Users/ibrarahmed/Desktop/cicd--pipline/actions-runner/bin'
[2025-03-01 18:32:26Z INFO HostContext] Well known directory 'Root': '/Users/ibrarahmed/Desktop/cicd--pipline/actions-runner'
[2025-03-01 18:32:26Z INFO HostContext] Well known config file 'Runner': '/Users/ibrarahmed/Desktop/cicd--pipline/actions-runner/.runner'
[2025-03-01 18:32:26Z INFO ConfigurationStore] ConfigFilePath: /Users/ibrarahmed/Desktop/cicd--pipline/actions-runner/.runner
[2025-03-01 18:32:26Z INFO HostContext] Well known directory 'Bin': '/Users/ibrarahmed/Desktop/cicd--pipline/actions-runner/bin'
[2025-03-01 18:32:26Z INFO HostContext] Well known directory 'Root': '/Users/ibrarahmed/Desktop/cicd--pipline/actions-runner'
[2025-03-01 18:32:26Z INFO HostContext] Well known config file 'Credentials': '/Users/ibrarahmed/Desktop/cicd--pipline/actions-runner/.credentials'
[2025-03-01 18:32:26Z INFO ConfigurationStore] CredFilePath: /Users/ibrarahmed/Desktop/cicd--pipline/actions-runner/.credentials
[2025-03-01 18:32:26Z INFO HostContext] Well known directory 'Bin': '/Users/ibrarahmed/Desktop/cicd--pipline/actions-runner/bin'
[2025-03-01 18:32:26Z INFO HostContext] Well known directory 'Root': '/Users/ibrarahmed/Desktop/cicd--pipline/actions-runner'
[2025-03-01 18:32:26Z INFO HostContext] Well known config file 'MigratedCredentials': '/Users/ibrarahmed/Desktop/cicd--pipline/actions-runner/.credentials_migrated'
[2025-03-01 18:32:26Z INFO ConfigurationStore] MigratedCredFilePath: /Users/ibrarahmed/Desktop/cicd--pipline/actions-runner/.credentials_migrated
[2025-03-01 18:32:26Z INFO HostContext] Well known directory 'Bin': '/Users/ibrarahmed/Desktop/cicd--pipline/actions-runner/bin'
[2025-03-01 18:32:26Z INFO HostContext] Well known directory 'Root': '/Users/ibrarahmed/Desktop/cicd--pipline/actions-runner'
[2025-03-01 18:32:26Z INFO HostContext] Well known config file 'Service': '/Users/ibrarahmed/Desktop/cicd--pipline/actions-runner/.service'
[2025-03-01 18:32:26Z INFO ConfigurationStore] ServiceConfigFilePath: /Users/ibrarahmed/Desktop/cicd--pipline/actions-runner/.service
[2025-03-01 18:32:26Z INFO CommandSettings] Flag 'help': 'False'
[2025-03-01 18:32:26Z INFO CommandSettings] Flag 'version': 'False'
[2025-03-01 18:32:26Z INFO CommandSettings] Flag 'commit': 'False'
[2025-03-01 18:32:26Z INFO CommandSettings] Flag 'check': 'False'
[2025-03-01 18:32:26Z INFO CommandSettings] Command 'configure': 'True'
[2025-03-01 18:32:26Z INFO Terminal] WRITE LINE: 
[2025-03-01 18:32:26Z INFO Terminal] WRITE LINE: --------------------------------------------------------------------------------
[2025-03-01 18:32:26Z INFO Terminal] WRITE LINE: |        ____ _ _   _   _       _          _        _   _                      |
[2025-03-01 18:32:26Z INFO Terminal] WRITE LINE: |       / ___(_) |_| | | |_   _| |__      / \   ___| |_(_) ___  _ __  ___      |
[2025-03-01 18:32:26Z INFO Terminal] WRITE LINE: |      | |  _| | __| |_| | | | | '_ \    / _ \ / __| __| |/ _ \| '_ \/ __|     |
[2025-03-01 18:32:26Z INFO Terminal] WRITE LINE: |      | |_| | | |_|  _  | |_| | |_) |  / ___ \ (__| |_| | (_) | | | \__ \     |
[2025-03-01 18:32:26Z INFO Terminal] WRITE LINE: |       \____|_|\__|_| |_|\__,_|_.__/  /_/   \_\___|\__|_|\___/|_| |_|___/     |
[2025-03-01 18:32:26Z INFO Terminal] WRITE LINE: |                                                                              |
[2025-03-01 18:32:26Z INFO Terminal] WRITE: |                       
[2025-03-01 18:32:26Z INFO Terminal] WRITE: Self-hosted runner registration
[2025-03-01 18:32:26Z INFO Terminal] WRITE LINE:                         |
[2025-03-01 18:32:26Z INFO Terminal] WRITE LINE: |                                                                              |
[2025-03-01 18:32:26Z INFO Terminal] WRITE LINE: --------------------------------------------------------------------------------
[2025-03-01 18:32:26Z INFO ConfigurationManager] ConfigureAsync
[2025-03-01 18:32:26Z INFO CommandSettings] Flag 'generateServiceConfig': 'False'
[2025-03-01 18:32:26Z INFO ConfigurationStore] IsConfigured()
[2025-03-01 18:32:26Z INFO ConfigurationStore] IsConfigured: False
[2025-03-01 18:32:26Z INFO ConfigurationManager] Is configured: False
[2025-03-01 18:32:26Z INFO CommandSettings] Arg 'url': 'https://github.com/Ahmed17428/cicdpipeline'
[2025-03-01 18:32:26Z INFO CommandSettings] Remove url from Arg dictionary.
[2025-03-01 18:32:26Z INFO CommandSettings] Arg 'token': '***'
[2025-03-01 18:32:26Z INFO CommandSettings] Remove token from Arg dictionary.
[2025-03-01 18:32:32Z INFO ConfigurationManager] Http response code: OK from 'POST https://api.github.com/actions/runner-registration' (C7B5:20AFAE:54746C:AB0781:67C352BF)
[2025-03-01 18:32:32Z INFO ConfigurationManager] Using V2 flow: False
[2025-03-01 18:32:32Z INFO ConfigurationManager] cred retrieved via GitHub auth
[2025-03-01 18:32:32Z INFO RunnerServer] EstablishVssConnection
[2025-03-01 18:32:32Z INFO RunnerServer] Establish connection with 100 seconds timeout.
[2025-03-01 18:32:33Z INFO GitHubActionsService] Starting operation Location.GetConnectionData
[2025-03-01 18:32:33Z INFO RunnerServer] EstablishVssConnection
[2025-03-01 18:32:33Z INFO RunnerServer] Establish connection with 60 seconds timeout.
[2025-03-01 18:32:33Z INFO GitHubActionsService] Starting operation Location.GetConnectionData
[2025-03-01 18:32:33Z INFO RunnerServer] EstablishVssConnection
[2025-03-01 18:32:33Z INFO RunnerServer] Establish connection with 60 seconds timeout.
[2025-03-01 18:32:33Z INFO GitHubActionsService] Starting operation Location.GetConnectionData
[2025-03-01 18:32:33Z INFO GitHubActionsService] Finished operation Location.GetConnectionData
[2025-03-01 18:32:33Z INFO GitHubActionsService] Finished operation Location.GetConnectionData
[2025-03-01 18:32:33Z INFO GitHubActionsService] Finished operation Location.GetConnectionData
[2025-03-01 18:32:33Z INFO Terminal] WRITE LINE: 
[2025-03-01 18:32:33Z INFO ConfigurationManager] Test Connection complete.
[2025-03-01 18:32:33Z INFO HostContext] Well known directory 'Bin': '/Users/ibrarahmed/Desktop/cicd--pipline/actions-runner/bin'
[2025-03-01 18:32:33Z INFO HostContext] Well known directory 'Root': '/Users/ibrarahmed/Desktop/cicd--pipline/actions-runner'
[2025-03-01 18:32:33Z INFO HostContext] Well known config file 'RSACredentials': '/Users/ibrarahmed/Desktop/cicd--pipline/actions-runner/.credentials_rsaparams'
[2025-03-01 18:32:33Z INFO RSAFileKeyManager] Creating new RSA key using 2048-bit key length
[2025-03-01 18:32:33Z INFO RSAFileKeyManager] Successfully saved RSA key parameters to file /Users/ibrarahmed/Desktop/cicd--pipline/actions-runner/.credentials_rsaparams
[2025-03-01 18:32:33Z INFO RSAFileKeyManager] Which2: 'chmod'
[2025-03-01 18:32:33Z INFO RSAFileKeyManager] Location: '/bin/chmod'
[2025-03-01 18:32:33Z INFO HostContext] Well known directory 'Bin': '/Users/ibrarahmed/Desktop/cicd--pipline/actions-runner/bin'
[2025-03-01 18:32:33Z INFO HostContext] Well known directory 'Root': '/Users/ibrarahmed/Desktop/cicd--pipline/actions-runner'
[2025-03-01 18:32:33Z INFO ProcessInvokerWrapper] Starting process:
[2025-03-01 18:32:33Z INFO ProcessInvokerWrapper]   File name: '/bin/chmod'
[2025-03-01 18:32:33Z INFO ProcessInvokerWrapper]   Arguments: '600 /Users/ibrarahmed/Desktop/cicd--pipline/actions-runner/.credentials_rsaparams'
[2025-03-01 18:32:33Z INFO ProcessInvokerWrapper]   Working directory: '/Users/ibrarahmed/Desktop/cicd--pipline/actions-runner'
[2025-03-01 18:32:33Z INFO ProcessInvokerWrapper]   Require exit code zero: 'False'
[2025-03-01 18:32:33Z INFO ProcessInvokerWrapper]   Encoding web name:  ; code page: ''
[2025-03-01 18:32:33Z INFO ProcessInvokerWrapper]   Force kill process on cancellation: 'False'
[2025-03-01 18:32:33Z INFO ProcessInvokerWrapper]   Redirected STDIN: 'False'
[2025-03-01 18:32:33Z INFO ProcessInvokerWrapper]   Persist current code page: 'False'
[2025-03-01 18:32:33Z INFO ProcessInvokerWrapper]   Keep redirected STDIN open: 'False'
[2025-03-01 18:32:33Z INFO ProcessInvokerWrapper]   High priority process: 'False'
[2025-03-01 18:32:34Z INFO ProcessInvokerWrapper] Process started with process id 6720, waiting for process exit.
[2025-03-01 18:32:34Z INFO ProcessInvokerWrapper] STDOUT/STDERR stream read finished.
[2025-03-01 18:32:34Z INFO ProcessInvokerWrapper] STDOUT/STDERR stream read finished.
[2025-03-01 18:32:34Z INFO ProcessInvokerWrapper] Finished process 6720 with exit code 0, and elapsed time 00:00:00.2924089.
[2025-03-01 18:32:34Z INFO RSAFileKeyManager] Successfully set permissions for RSA key parameters file /Users/ibrarahmed/Desktop/cicd--pipline/actions-runner/.credentials_rsaparams
[2025-03-01 18:32:34Z INFO CommandSettings] Arg 'runnergroup': ''
[2025-03-01 18:32:34Z INFO CommandSettings] Flag 'unattended': 'False'
[2025-03-01 18:32:34Z INFO PromptManager] ReadValue
[2025-03-01 18:32:34Z INFO Terminal] WRITE: Enter the name of the runner group to add this runner to: 
[2025-03-01 18:32:34Z INFO Terminal] WRITE: [press Enter for Default] 
[2025-03-01 18:32:34Z INFO Terminal] READ LINE
[2025-03-01 18:32:59Z INFO Terminal] Read value: './run.sh'
[2025-03-01 18:32:59Z INFO Terminal] WRITE LINE: 
[2025-03-01 18:33:00Z ERR  Runner] GitHub.DistributedTask.WebApi.TaskAgentPoolNotFoundException: Could not find any self-hosted runner group named "./run.sh".
   at GitHub.Runner.Listener.Configuration.ConfigurationManager.ConfigureAsync(CommandSettings command)
   at GitHub.Runner.Listener.Runner.ExecuteCommand(CommandSettings command)
[2025-03-01 18:33:00Z ERR  Terminal] WRITE ERROR: Could not find any self-hosted runner group named "./run.sh".
[2025-03-01 18:33:00Z INFO Listener] Runner execution has finished with return code 1
